-------------------------------------------------------------------------------
[06:42PM] NGL configured with 
[06:42PM] OpenGL 4.1 INTEL-18.8.6
[06:42PM] GLSL version 4.10
-------------------------------------------------------------------------------
[06:42PM] creating empty ShaderProgram nglTextShader
[06:42PM] just attached nglTextVertex to ngl::ShaderLib
[06:42PM] just attached nglTextFragment to ngl::ShaderLib
[06:42PM] Compiling Shader nglTextVertex
[06:42PM] Compiling Shader nglTextFragment
[06:42PM] nglTextVertex attached to program
[06:42PM] nglTextFragment attached to program
[06:42PM] Linking nglTextShader
[06:42PM] linking Shader nglTextShader 
WARNING: Could not find vertex shader attribute 'inUV' to match BindAttributeLocation request.

FOUND UNIFORM BLOCKS 0
FOUND UNIFORM BLOCKS 0
[06:42PM] creating empty ShaderProgram nglColourShader
[06:42PM] just attached nglColourVertex to ngl::ShaderLib
[06:42PM] just attached nglColourFragment to ngl::ShaderLib
[06:42PM] Compiling Shader nglColourVertex
[06:42PM] Compiling Shader nglColourFragment
[06:42PM] nglColourVertex attached to program
[06:42PM] nglColourFragment attached to program
[06:42PM] Linking nglColourShader
[06:42PM] linking Shader nglColourShader 
FOUND UNIFORM BLOCKS 0
FOUND UNIFORM BLOCKS 0
[06:42PM] creating empty ShaderProgram nglDiffuseShader
[06:42PM] just attached nglDiffuseVertex to ngl::ShaderLib
[06:42PM] just attached nglDiffuseFragment to ngl::ShaderLib
[06:42PM] Compiling Shader nglDiffuseVertex
[06:42PM] Compiling Shader nglDiffuseFragment
[06:42PM] nglDiffuseVertex attached to program
[06:42PM] nglDiffuseFragment attached to program
[06:42PM] Linking nglDiffuseShader
[06:42PM] linking Shader nglDiffuseShader 
FOUND UNIFORM BLOCKS 0
FOUND UNIFORM BLOCKS 0
[06:42PM] creating empty ShaderProgram nglCheckerShader
[06:42PM] just attached nglCheckerVertex to ngl::ShaderLib
[06:42PM] just attached nglCheckerFragment to ngl::ShaderLib
[06:42PM] Compiling Shader nglCheckerVertex
[06:42PM] Compiling Shader nglCheckerFragment
[06:42PM] nglCheckerVertex attached to program
[06:42PM] nglCheckerFragment attached to program
[06:42PM] Linking nglCheckerShader
[06:42PM] linking Shader nglCheckerShader 
FOUND UNIFORM BLOCKS 0
FOUND UNIFORM BLOCKS 0
